0 info it worked if it ends with ok
1 verbose cli [ '/usr/local/bin/node',
1 verbose cli   '/usr/local/bin/npm',
1 verbose cli   'install',
1 verbose cli   '-g',
1 verbose cli   'bower' ]
2 info using npm@3.10.8
3 info using node@v4.0.0
4 silly loadCurrentTree Starting
5 silly install loadCurrentTree
6 silly install readGlobalPackageData
7 silly fetchPackageMetaData bower
8 silly fetchNamedPackageData bower
9 silly mapToRegistry name bower
10 silly mapToRegistry using default registry
11 silly mapToRegistry registry https://registry.npmjs.org/
12 silly mapToRegistry data Result {
12 silly mapToRegistry   raw: 'bower',
12 silly mapToRegistry   scope: null,
12 silly mapToRegistry   escapedName: 'bower',
12 silly mapToRegistry   name: 'bower',
12 silly mapToRegistry   rawSpec: '',
12 silly mapToRegistry   spec: 'latest',
12 silly mapToRegistry   type: 'tag' }
13 silly mapToRegistry uri https://registry.npmjs.org/bower
14 verbose request uri https://registry.npmjs.org/bower
15 verbose request no auth needed
16 info attempt registry request try #1 at 12:34:38 PM
17 verbose request id fcaad25b9972fc6e
18 verbose etag "9HRYO8VFJFIXAO47KE43FACXA"
19 http request GET https://registry.npmjs.org/bower
20 http 200 https://registry.npmjs.org/bower
21 verbose headers { server: 'CouchDB/1.6.1 (Erlang OTP/R16B03)',
21 verbose headers   etag: '"3WZMRSP6JHAAQSVPQ6LKKGQXX"',
21 verbose headers   'content-type': 'application/json',
21 verbose headers   'content-encoding': 'gzip',
21 verbose headers   'cache-control': 'max-age=300',
21 verbose headers   'content-length': '20816',
21 verbose headers   'accept-ranges': 'bytes',
21 verbose headers   date: 'Thu, 13 Oct 2016 10:34:38 GMT',
21 verbose headers   via: '1.1 varnish',
21 verbose headers   age: '94',
21 verbose headers   connection: 'keep-alive',
21 verbose headers   'x-served-by': 'cache-cdg8734-CDG',
21 verbose headers   'x-cache': 'HIT',
21 verbose headers   'x-cache-hits': '10',
21 verbose headers   'x-timer': 'S1476354878.477340,VS0,VE0',
21 verbose headers   vary: 'Accept-Encoding' }
22 silly get cb [ 200,
22 silly get   { server: 'CouchDB/1.6.1 (Erlang OTP/R16B03)',
22 silly get     etag: '"3WZMRSP6JHAAQSVPQ6LKKGQXX"',
22 silly get     'content-type': 'application/json',
22 silly get     'content-encoding': 'gzip',
22 silly get     'cache-control': 'max-age=300',
22 silly get     'content-length': '20816',
22 silly get     'accept-ranges': 'bytes',
22 silly get     date: 'Thu, 13 Oct 2016 10:34:38 GMT',
22 silly get     via: '1.1 varnish',
22 silly get     age: '94',
22 silly get     connection: 'keep-alive',
22 silly get     'x-served-by': 'cache-cdg8734-CDG',
22 silly get     'x-cache': 'HIT',
22 silly get     'x-cache-hits': '10',
22 silly get     'x-timer': 'S1476354878.477340,VS0,VE0',
22 silly get     vary: 'Accept-Encoding' } ]
23 verbose get saving bower to /Users/Julien/.npm/registry.npmjs.org/bower/.cache.json
24 verbose correctMkdir /Users/Julien/.npm correctMkdir not in flight; initializing
25 silly install normalizeTree
26 silly loadCurrentTree Finishing
27 silly loadIdealTree Starting
28 silly install loadIdealTree
29 silly cloneCurrentTree Starting
30 silly install cloneCurrentTreeToIdealTree
31 silly cloneCurrentTree Finishing
32 silly loadShrinkwrap Starting
33 silly install loadShrinkwrap
34 silly loadShrinkwrap Finishing
35 silly loadAllDepsIntoIdealTree Starting
36 silly install loadAllDepsIntoIdealTree
37 silly resolveWithNewModule bower@1.7.9 checking installable status
38 silly cache add args [ 'bower', null ]
39 verbose cache add spec bower
40 silly cache add parsed spec Result {
40 silly cache add   raw: 'bower',
40 silly cache add   scope: null,
40 silly cache add   escapedName: 'bower',
40 silly cache add   name: 'bower',
40 silly cache add   rawSpec: '',
40 silly cache add   spec: 'latest',
40 silly cache add   type: 'tag' }
41 silly addNamed bower@latest
42 verbose addNamed "latest" is being treated as a dist-tag for bower
43 info addNameTag [ 'bower', 'latest' ]
44 silly mapToRegistry name bower
45 silly mapToRegistry using default registry
46 silly mapToRegistry registry https://registry.npmjs.org/
47 silly mapToRegistry data Result {
47 silly mapToRegistry   raw: 'bower',
47 silly mapToRegistry   scope: null,
47 silly mapToRegistry   escapedName: 'bower',
47 silly mapToRegistry   name: 'bower',
47 silly mapToRegistry   rawSpec: '',
47 silly mapToRegistry   spec: 'latest',
47 silly mapToRegistry   type: 'tag' }
48 silly mapToRegistry uri https://registry.npmjs.org/bower
49 verbose addNameTag registry:https://registry.npmjs.org/bower not in flight; fetching
50 verbose get https://registry.npmjs.org/bower not expired, no request
51 silly addNameTag next cb for bower with tag latest
52 silly addNamed bower@1.7.9
53 verbose addNamed "1.7.9" is a plain semver version for bower
54 silly mapToRegistry name bower
55 silly mapToRegistry using default registry
56 silly mapToRegistry registry https://registry.npmjs.org/
57 silly mapToRegistry data Result {
57 silly mapToRegistry   raw: 'bower',
57 silly mapToRegistry   scope: null,
57 silly mapToRegistry   escapedName: 'bower',
57 silly mapToRegistry   name: 'bower',
57 silly mapToRegistry   rawSpec: '',
57 silly mapToRegistry   spec: 'latest',
57 silly mapToRegistry   type: 'tag' }
58 silly mapToRegistry uri https://registry.npmjs.org/bower
59 verbose addRemoteTarball https://registry.npmjs.org/bower/-/bower-1.7.9.tgz not in flight; adding
60 verbose addRemoteTarball [ 'https://registry.npmjs.org/bower/-/bower-1.7.9.tgz',
60 verbose addRemoteTarball   'b7296c2393e0d75edaa6ca39648132dd255812b0' ]
61 info retry fetch attempt 1 at 12:34:44 PM
62 info attempt registry request try #1 at 12:34:44 PM
63 http fetch GET https://registry.npmjs.org/bower/-/bower-1.7.9.tgz
64 http fetch 200 https://registry.npmjs.org/bower/-/bower-1.7.9.tgz
65 silly fetchAndShaCheck shasum b7296c2393e0d75edaa6ca39648132dd255812b0
66 verbose addTmpTarball /var/folders/cf/s4pymg7d7_g19qfsc_f6_ddh0000gn/T/npm-24482-8062653e/registry.npmjs.org/bower/-/bower-1.7.9.tgz not in flight; adding
67 verbose addTmpTarball already have metadata; skipping unpack for bower@1.7.9
68 verbose correctMkdir /Users/Julien/.npm correctMkdir not in flight; initializing
69 silly cache afterAdd bower@1.7.9
70 verbose afterAdd /Users/Julien/.npm/bower/1.7.9/package/package.json not in flight; writing
71 verbose correctMkdir /Users/Julien/.npm correctMkdir not in flight; initializing
72 verbose afterAdd /Users/Julien/.npm/bower/1.7.9/package/package.json written
73 silly loadAllDepsIntoIdealTree Finishing
74 silly loadIdealTree Finishing
75 silly currentTree lib
75 silly currentTree └─┬ bower@1.5.2
75 silly currentTree   ├── abbrev@1.0.7
75 silly currentTree   ├── archy@1.0.0
75 silly currentTree   ├─┬ bower-config@0.6.1
75 silly currentTree   │ ├── graceful-fs@2.0.3
75 silly currentTree   │ ├── mout@0.9.1
75 silly currentTree   │ ├─┬ optimist@0.6.1
75 silly currentTree   │ │ ├── minimist@0.0.10
75 silly currentTree   │ │ └── wordwrap@0.0.3
75 silly currentTree   │ └── osenv@0.0.3
75 silly currentTree   ├── bower-endpoint-parser@0.2.2
75 silly currentTree   ├─┬ bower-json@0.4.0
75 silly currentTree   │ ├── deep-extend@0.2.11
75 silly currentTree   │ ├── graceful-fs@2.0.3
75 silly currentTree   │ └── intersect@0.0.3
75 silly currentTree   ├── bower-logger@0.2.2
75 silly currentTree   ├─┬ bower-registry-client@0.3.0
75 silly currentTree   │ ├── async@0.2.10
75 silly currentTree   │ ├── graceful-fs@2.0.3
75 silly currentTree   │ ├── lru-cache@2.3.1
75 silly currentTree   │ ├── mkdirp@0.3.5
75 silly currentTree   │ ├── request-replay@0.2.0
75 silly currentTree   │ ├─┬ request@2.51.0
75 silly currentTree   │ │ ├── aws-sign2@0.5.0
75 silly currentTree   │ │ ├─┬ bl@0.9.4
75 silly currentTree   │ │ │ └─┬ readable-stream@1.0.33
75 silly currentTree   │ │ │   ├── core-util-is@1.0.1
75 silly currentTree   │ │ │   ├── inherits@2.0.1
75 silly currentTree   │ │ │   ├── isarray@0.0.1
75 silly currentTree   │ │ │   └── string_decoder@0.10.31
75 silly currentTree   │ │ ├── caseless@0.8.0
75 silly currentTree   │ │ ├─┬ combined-stream@0.0.7
75 silly currentTree   │ │ │ └── delayed-stream@0.0.5
75 silly currentTree   │ │ ├── forever-agent@0.5.2
75 silly currentTree   │ │ ├─┬ form-data@0.2.0
75 silly currentTree   │ │ │ ├── async@0.9.2
75 silly currentTree   │ │ │ └─┬ mime-types@2.0.14
75 silly currentTree   │ │ │   └── mime-db@1.12.0
75 silly currentTree   │ │ ├─┬ hawk@1.1.1
75 silly currentTree   │ │ │ ├── boom@0.4.2
75 silly currentTree   │ │ │ ├── cryptiles@0.2.2
75 silly currentTree   │ │ │ ├── hoek@0.9.1
75 silly currentTree   │ │ │ └── sntp@0.2.4
75 silly currentTree   │ │ ├─┬ http-signature@0.10.1
75 silly currentTree   │ │ │ ├── asn1@0.1.11
75 silly currentTree   │ │ │ ├── assert-plus@0.1.5
75 silly currentTree   │ │ │ └── ctype@0.5.3
75 silly currentTree   │ │ ├── json-stringify-safe@5.0.1
75 silly currentTree   │ │ ├── mime-types@1.0.2
75 silly currentTree   │ │ ├── node-uuid@1.4.3
75 silly currentTree   │ │ ├── oauth-sign@0.5.0
75 silly currentTree   │ │ ├── qs@2.3.3
75 silly currentTree   │ │ ├── stringstream@0.0.4
75 silly currentTree   │ │ ├── tough-cookie@2.0.0
75 silly currentTree   │ │ └── tunnel-agent@0.4.1
75 silly currentTree   │ └── rimraf@2.2.8
75 silly currentTree   ├─┬ cardinal@0.4.4
75 silly currentTree   │ ├── ansicolors@0.2.1
75 silly currentTree   │ └─┬ redeyed@0.4.4
75 silly currentTree   │   └── esprima@1.0.4
75 silly currentTree   ├─┬ chalk@1.1.1
75 silly currentTree   │ ├── ansi-styles@2.1.0
75 silly currentTree   │ ├── escape-string-regexp@1.0.3
75 silly currentTree   │ ├─┬ has-ansi@2.0.0
75 silly currentTree   │ │ └── ansi-regex@2.0.0
75 silly currentTree   │ ├─┬ strip-ansi@3.0.0
75 silly currentTree   │ │ └── ansi-regex@2.0.0
75 silly currentTree   │ └── supports-color@2.0.0
75 silly currentTree   ├── chmodr@0.1.0
75 silly currentTree   ├─┬ configstore@0.3.2
75 silly currentTree   │ ├─┬ js-yaml@3.4.2
75 silly currentTree   │ │ ├─┬ argparse@1.0.2
75 silly currentTree   │ │ │ ├── lodash@3.10.1
75 silly currentTree   │ │ │ └── sprintf-js@1.0.3
75 silly currentTree   │ │ └── esprima@2.2.0
75 silly currentTree   │ ├── object-assign@2.1.1
75 silly currentTree   │ ├─┬ osenv@0.1.3
75 silly currentTree   │ │ ├── os-homedir@1.0.1
75 silly currentTree   │ │ └── os-tmpdir@1.0.1
75 silly currentTree   │ ├── uuid@2.0.1
75 silly currentTree   │ └── xdg-basedir@1.0.1
75 silly currentTree   ├─┬ decompress-zip@0.1.0
75 silly currentTree   │ ├─┬ binary@0.3.0
75 silly currentTree   │ │ ├── buffers@0.1.1
75 silly currentTree   │ │ └─┬ chainsaw@0.1.0
75 silly currentTree   │ │   └── traverse@0.3.9
75 silly currentTree   │ ├── mkpath@0.1.0
75 silly currentTree   │ ├─┬ readable-stream@1.1.13
75 silly currentTree   │ │ ├── core-util-is@1.0.1
75 silly currentTree   │ │ ├── inherits@2.0.1
75 silly currentTree   │ │ ├── isarray@0.0.1
75 silly currentTree   │ │ └── string_decoder@0.10.31
75 silly currentTree   │ └─┬ touch@0.0.3
75 silly currentTree   │   └── nopt@1.0.10
75 silly currentTree   ├─┬ deep-sort-object@0.1.1
75 silly currentTree   │ └── mout@0.9.1
75 silly currentTree   ├─┬ fstream-ignore@1.0.2
75 silly currentTree   │ ├── inherits@2.0.1
75 silly currentTree   │ └─┬ minimatch@2.0.10
75 silly currentTree   │   └─┬ brace-expansion@1.1.0
75 silly currentTree   │     ├── balanced-match@0.2.0
75 silly currentTree   │     └── concat-map@0.0.1
75 silly currentTree   ├─┬ fstream@1.0.7
75 silly currentTree   │ └── inherits@2.0.1
75 silly currentTree   ├─┬ github@0.2.4
75 silly currentTree   │ └── mime@1.3.4
75 silly currentTree   ├─┬ glob@4.5.3
75 silly currentTree   │ ├─┬ inflight@1.0.4
75 silly currentTree   │ │ └── wrappy@1.0.1
75 silly currentTree   │ ├── inherits@2.0.1
75 silly currentTree   │ ├─┬ minimatch@2.0.10
75 silly currentTree   │ │ └─┬ brace-expansion@1.1.0
75 silly currentTree   │ │   ├── balanced-match@0.2.0
75 silly currentTree   │ │   └── concat-map@0.0.1
75 silly currentTree   │ └─┬ once@1.3.2
75 silly currentTree   │   └── wrappy@1.0.1
75 silly currentTree   ├── graceful-fs@3.0.8
75 silly currentTree   ├─┬ handlebars@2.0.0
75 silly currentTree   │ ├─┬ optimist@0.3.7
75 silly currentTree   │ │ └── wordwrap@0.0.3
75 silly currentTree   │ └─┬ uglify-js@2.3.6
75 silly currentTree   │   ├── async@0.2.10
75 silly currentTree   │   └─┬ source-map@0.1.43
75 silly currentTree   │     └── amdefine@1.0.0
75 silly currentTree   ├─┬ inquirer@0.8.0
75 silly currentTree   │ ├── ansi-regex@1.1.1
75 silly currentTree   │ ├─┬ chalk@0.5.1
75 silly currentTree   │ │ ├── ansi-styles@1.1.0
75 silly currentTree   │ │ ├── escape-string-regexp@1.0.3
75 silly currentTree   │ │ ├─┬ has-ansi@0.1.0
75 silly currentTree   │ │ │ └── ansi-regex@0.2.1
75 silly currentTree   │ │ ├─┬ strip-ansi@0.3.0
75 silly currentTree   │ │ │ └── ansi-regex@0.2.1
75 silly currentTree   │ │ └── supports-color@0.2.0
75 silly currentTree   │ ├─┬ cli-color@0.3.3
75 silly currentTree   │ │ ├── d@0.1.1
75 silly currentTree   │ │ ├─┬ es5-ext@0.10.7
75 silly currentTree   │ │ │ ├── es6-iterator@0.1.3
75 silly currentTree   │ │ │ └── es6-symbol@2.0.1
75 silly currentTree   │ │ ├─┬ memoizee@0.3.9
75 silly currentTree   │ │ │ ├─┬ es6-weak-map@0.1.4
75 silly currentTree   │ │ │ │ ├── es6-iterator@0.1.3
75 silly currentTree   │ │ │ │ └── es6-symbol@2.0.1
75 silly currentTree   │ │ │ ├── event-emitter@0.3.3
75 silly currentTree   │ │ │ ├── lru-queue@0.1.0
75 silly currentTree   │ │ │ └── next-tick@0.2.2
75 silly currentTree   │ │ └─┬ timers-ext@0.1.0
75 silly currentTree   │ │   └── next-tick@0.2.2
75 silly currentTree   │ ├── figures@1.3.5
75 silly currentTree   │ ├── lodash@2.4.2
75 silly currentTree   │ ├── mute-stream@0.0.4
75 silly currentTree   │ ├─┬ readline2@0.1.1
75 silly currentTree   │ │ └── strip-ansi@2.0.1
75 silly currentTree   │ ├── rx@2.5.3
75 silly currentTree   │ └── through@2.3.8
75 silly currentTree   ├─┬ insight@0.5.3
75 silly currentTree   │ ├── async@0.9.2
75 silly currentTree   │ ├─┬ lodash.debounce@3.1.1
75 silly currentTree   │ │ └── lodash._getnative@3.9.1
75 silly currentTree   │ ├── object-assign@2.1.1
75 silly currentTree   │ ├─┬ os-name@1.0.3
75 silly currentTree   │ │ ├─┬ osx-release@1.1.0
75 silly currentTree   │ │ │ └── minimist@1.2.0
75 silly currentTree   │ │ └─┬ win-release@1.1.0
75 silly currentTree   │ │   └── semver@5.0.1
75 silly currentTree   │ └─┬ tough-cookie@0.12.1
75 silly currentTree   │   └── punycode@1.3.2
75 silly currentTree   ├── is-root@1.0.0
75 silly currentTree   ├── junk@1.0.2
75 silly currentTree   ├── lockfile@1.0.1
75 silly currentTree   ├── lru-cache@2.6.5
75 silly currentTree   ├─┬ mkdirp@0.5.0
75 silly currentTree   │ └── minimist@0.0.8
75 silly currentTree   ├── mout@0.11.0
75 silly currentTree   ├── nopt@3.0.3
75 silly currentTree   ├── opn@1.0.2
75 silly currentTree   ├─┬ p-throttler@0.1.1
75 silly currentTree   │ └── q@0.9.7
75 silly currentTree   ├─┬ promptly@0.2.0
75 silly currentTree   │ └─┬ read@1.0.7
75 silly currentTree   │   └── mute-stream@0.0.5
75 silly currentTree   ├── q@1.4.1
75 silly currentTree   ├─┬ request-progress@0.3.1
75 silly currentTree   │ └── throttleit@0.0.2
75 silly currentTree   ├─┬ request@2.53.0
75 silly currentTree   │ ├── aws-sign2@0.5.0
75 silly currentTree   │ ├─┬ bl@0.9.4
75 silly currentTree   │ │ └─┬ readable-stream@1.0.33
75 silly currentTree   │ │   ├── core-util-is@1.0.1
75 silly currentTree   │ │   ├── inherits@2.0.1
75 silly currentTree   │ │   ├── isarray@0.0.1
75 silly currentTree   │ │   └── string_decoder@0.10.31
75 silly currentTree   │ ├── caseless@0.9.0
75 silly currentTree   │ ├─┬ combined-stream@0.0.7
75 silly currentTree   │ │ └── delayed-stream@0.0.5
75 silly currentTree   │ ├── forever-agent@0.5.2
75 silly currentTree   │ ├─┬ form-data@0.2.0
75 silly currentTree   │ │ └── async@0.9.2
75 silly currentTree   │ ├─┬ hawk@2.3.1
75 silly currentTree   │ │ ├── boom@2.8.0
75 silly currentTree   │ │ ├── cryptiles@2.0.5
75 silly currentTree   │ │ ├── hoek@2.14.0
75 silly currentTree   │ │ └── sntp@1.0.9
75 silly currentTree   │ ├─┬ http-signature@0.10.1
75 silly currentTree   │ │ ├── asn1@0.1.11
75 silly currentTree   │ │ ├── assert-plus@0.1.5
75 silly currentTree   │ │ └── ctype@0.5.3
75 silly currentTree   │ ├── isstream@0.1.2
75 silly currentTree   │ ├── json-stringify-safe@5.0.1
75 silly currentTree   │ ├─┬ mime-types@2.0.14
75 silly currentTree   │ │ └── mime-db@1.12.0
75 silly currentTree   │ ├── node-uuid@1.4.3
75 silly currentTree   │ ├── oauth-sign@0.6.0
75 silly currentTree   │ ├── qs@2.3.3
75 silly currentTree   │ ├── stringstream@0.0.4
75 silly currentTree   │ ├── tough-cookie@2.0.0
75 silly currentTree   │ └── tunnel-agent@0.4.1
75 silly currentTree   ├── retry@0.6.1
75 silly currentTree   ├─┬ rimraf@2.4.3
75 silly currentTree   │ └─┬ glob@5.0.14
75 silly currentTree   │   ├─┬ inflight@1.0.4
75 silly currentTree   │   │ └── wrappy@1.0.1
75 silly currentTree   │   ├── inherits@2.0.1
75 silly currentTree   │   ├─┬ minimatch@2.0.10
75 silly currentTree   │   │ └─┬ brace-expansion@1.1.0
75 silly currentTree   │   │   ├── balanced-match@0.2.0
75 silly currentTree   │   │   └── concat-map@0.0.1
75 silly currentTree   │   ├─┬ once@1.3.2
75 silly currentTree   │   │ └── wrappy@1.0.1
75 silly currentTree   │   └── path-is-absolute@1.0.0
75 silly currentTree   ├── semver@2.3.2
75 silly currentTree   ├─┬ shell-quote@1.4.3
75 silly currentTree   │ ├── array-filter@0.0.1
75 silly currentTree   │ ├── array-map@0.0.0
75 silly currentTree   │ ├── array-reduce@0.0.0
75 silly currentTree   │ └── jsonify@0.0.0
75 silly currentTree   ├── stringify-object@1.0.1
75 silly currentTree   ├─┬ tar-fs@1.8.1
75 silly currentTree   │ ├─┬ pump@1.0.0
75 silly currentTree   │ │ ├── end-of-stream@1.1.0
75 silly currentTree   │ │ └─┬ once@1.3.2
75 silly currentTree   │ │   └── wrappy@1.0.1
75 silly currentTree   │ └─┬ tar-stream@1.2.1
75 silly currentTree   │   ├── bl@1.0.0
75 silly currentTree   │   ├─┬ end-of-stream@1.1.0
75 silly currentTree   │   │ └─┬ once@1.3.2
75 silly currentTree   │   │   └── wrappy@1.0.1
75 silly currentTree   │   ├─┬ readable-stream@2.0.2
75 silly currentTree   │   │ ├── core-util-is@1.0.1
75 silly currentTree   │   │ ├── inherits@2.0.1
75 silly currentTree   │   │ ├── isarray@0.0.1
75 silly currentTree   │   │ ├── process-nextick-args@1.0.3
75 silly currentTree   │   │ ├── string_decoder@0.10.31
75 silly currentTree   │   │ └── util-deprecate@1.0.1
75 silly currentTree   │   └── xtend@4.0.0
75 silly currentTree   ├── tmp@0.0.24
75 silly currentTree   ├─┬ update-notifier@0.3.2
75 silly currentTree   │ ├── is-npm@1.0.0
75 silly currentTree   │ ├─┬ latest-version@1.0.1
75 silly currentTree   │ │ └─┬ package-json@1.2.0
75 silly currentTree   │ │   ├─┬ got@3.3.1
75 silly currentTree   │ │   │ ├─┬ duplexify@3.4.2
75 silly currentTree   │ │   │ │ ├─┬ end-of-stream@1.0.0
75 silly currentTree   │ │   │ │ │ └─┬ once@1.3.2
75 silly currentTree   │ │   │ │ │   └── wrappy@1.0.1
75 silly currentTree   │ │   │ │ └─┬ readable-stream@2.0.2
75 silly currentTree   │ │   │ │   ├── core-util-is@1.0.1
75 silly currentTree   │ │   │ │   ├── inherits@2.0.1
75 silly currentTree   │ │   │ │   ├── isarray@0.0.1
75 silly currentTree   │ │   │ │   ├── process-nextick-args@1.0.3
75 silly currentTree   │ │   │ │   ├── string_decoder@0.10.31
75 silly currentTree   │ │   │ │   └── util-deprecate@1.0.1
75 silly currentTree   │ │   │ ├── infinity-agent@2.0.3
75 silly currentTree   │ │   │ ├── is-redirect@1.0.0
75 silly currentTree   │ │   │ ├── is-stream@1.0.1
75 silly currentTree   │ │   │ ├── lowercase-keys@1.0.0
75 silly currentTree   │ │   │ ├─┬ nested-error-stacks@1.0.1
75 silly currentTree   │ │   │ │ └── inherits@2.0.1
75 silly currentTree   │ │   │ ├── object-assign@3.0.0
75 silly currentTree   │ │   │ ├── prepend-http@1.0.3
75 silly currentTree   │ │   │ ├─┬ read-all-stream@3.0.1
75 silly currentTree   │ │   │ │ ├─┬ pinkie-promise@1.0.0
75 silly currentTree   │ │   │ │ │ └── pinkie@1.0.0
75 silly currentTree   │ │   │ │ └─┬ readable-stream@2.0.2
75 silly currentTree   │ │   │ │   ├── core-util-is@1.0.1
75 silly currentTree   │ │   │ │   ├── inherits@2.0.1
75 silly currentTree   │ │   │ │   ├── isarray@0.0.1
75 silly currentTree   │ │   │ │   ├── process-nextick-args@1.0.3
75 silly currentTree   │ │   │ │   ├── string_decoder@0.10.31
75 silly currentTree   │ │   │ │   └── util-deprecate@1.0.1
75 silly currentTree   │ │   │ └── timed-out@2.0.0
75 silly currentTree   │ │   └─┬ registry-url@3.0.3
75 silly currentTree   │ │     └─┬ rc@1.1.1
75 silly currentTree   │ │       ├── deep-extend@0.2.11
75 silly currentTree   │ │       ├── ini@1.3.4
75 silly currentTree   │ │       ├── minimist@1.2.0
75 silly currentTree   │ │       └── strip-json-comments@0.1.3
75 silly currentTree   │ ├─┬ semver-diff@2.0.0
75 silly currentTree   │ │ └── semver@4.3.6
75 silly currentTree   │ └─┬ string-length@1.0.1
75 silly currentTree   │   └─┬ strip-ansi@3.0.0
75 silly currentTree   │     └── ansi-regex@2.0.0
75 silly currentTree   ├── user-home@1.1.1
75 silly currentTree   └─┬ which@1.1.2
75 silly currentTree     └─┬ is-absolute@0.1.7
75 silly currentTree       └── is-relative@0.1.3
76 silly idealTree lib
76 silly idealTree └── bower@1.7.9
77 silly generateActionsToTake Starting
78 silly install generateActionsToTake
79 warn checkPermissions Missing write access to /usr/local/lib/node_modules/bower/node_modules/abbrev
80 warn checkPermissions Missing write access to /usr/local/lib/node_modules/bower/node_modules/bower-config/node_modules/graceful-fs
81 warn checkPermissions Missing write access to /usr/local/lib/node_modules/bower/node_modules/bower-config/node_modules/mout
82 warn checkPermissions Missing write access to /usr/local/lib/node_modules/bower/node_modules/bower-config/node_modules/optimist/node_modules/minimist
83 warn checkPermissions Missing write access to /usr/local/lib/node_modules/bower/node_modules/bower-config/node_modules/optimist/node_modules/wordwrap
84 warn checkPermissions Missing write access to /usr/local/lib/node_modules/bower/node_modules/bower-config/node_modules/optimist
85 warn checkPermissions Missing write access to /usr/local/lib/node_modules/bower/node_modules/bower-config/node_modules/osenv
86 warn checkPermissions Missing write access to /usr/local/lib/node_modules/bower/node_modules/bower-config
87 warn checkPermissions Missing write access to /usr/local/lib/node_modules/bower/node_modules/bower-json/node_modules/deep-extend
88 warn checkPermissions Missing write access to /usr/local/lib/node_modules/bower/node_modules/bower-json/node_modules/intersect
89 warn checkPermissions Missing write access to /usr/local/lib/node_modules/bower/node_modules/bower-json/node_modules/graceful-fs
90 warn checkPermissions Missing write access to /usr/local/lib/node_modules/bower/node_modules/bower-registry-client/node_modules/async
91 warn checkPermissions Missing write access to /usr/local/lib/node_modules/bower/node_modules/bower-registry-client/node_modules/graceful-fs
92 warn checkPermissions Missing write access to /usr/local/lib/node_modules/bower/node_modules/bower-registry-client/node_modules/lru-cache
93 warn checkPermissions Missing write access to /usr/local/lib/node_modules/bower/node_modules/bower-registry-client/node_modules/mkdirp
94 warn checkPermissions Missing write access to /usr/local/lib/node_modules/bower/node_modules/bower-registry-client/node_modules/request/node_modules/aws-sign2
95 warn checkPermissions Missing write access to /usr/local/lib/node_modules/bower/node_modules/bower-registry-client/node_modules/request/node_modules/bl/node_modules/readable-stream/node_modules/core-util-is
96 warn checkPermissions Missing write access to /usr/local/lib/node_modules/bower/node_modules/bower-registry-client/node_modules/request/node_modules/bl/node_modules/readable-stream/node_modules/inherits
97 warn checkPermissions Missing write access to /usr/local/lib/node_modules/bower/node_modules/bower-registry-client/node_modules/request/node_modules/bl/node_modules/readable-stream/node_modules/isarray
98 warn checkPermissions Missing write access to /usr/local/lib/node_modules/bower/node_modules/bower-registry-client/node_modules/request/node_modules/bl/node_modules/readable-stream/node_modules/string_decoder
99 warn checkPermissions Missing write access to /usr/local/lib/node_modules/bower/node_modules/bower-registry-client/node_modules/request/node_modules/bl/node_modules/readable-stream
100 warn checkPermissions Missing write access to /usr/local/lib/node_modules/bower/node_modules/bower-registry-client/node_modules/request/node_modules/bl
101 warn checkPermissions Missing write access to /usr/local/lib/node_modules/bower/node_modules/bower-registry-client/node_modules/request/node_modules/caseless
102 warn checkPermissions Missing write access to /usr/local/lib/node_modules/bower/node_modules/bower-registry-client/node_modules/request/node_modules/combined-stream/node_modules/delayed-stream
103 warn checkPermissions Missing write access to /usr/local/lib/node_modules/bower/node_modules/bower-registry-client/node_modules/request/node_modules/combined-stream
104 warn checkPermissions Missing write access to /usr/local/lib/node_modules/bower/node_modules/bower-registry-client/node_modules/request/node_modules/forever-agent
105 warn checkPermissions Missing write access to /usr/local/lib/node_modules/bower/node_modules/bower-registry-client/node_modules/request/node_modules/form-data/node_modules/async
106 warn checkPermissions Missing write access to /usr/local/lib/node_modules/bower/node_modules/bower-registry-client/node_modules/request/node_modules/form-data/node_modules/mime-types/node_modules/mime-db
107 warn checkPermissions Missing write access to /usr/local/lib/node_modules/bower/node_modules/bower-registry-client/node_modules/request/node_modules/form-data/node_modules/mime-types
108 warn checkPermissions Missing write access to /usr/local/lib/node_modules/bower/node_modules/bower-registry-client/node_modules/request/node_modules/form-data
109 warn checkPermissions Missing write access to /usr/local/lib/node_modules/bower/node_modules/bower-registry-client/node_modules/request/node_modules/hawk/node_modules/hoek
110 warn checkPermissions Missing write access to /usr/local/lib/node_modules/bower/node_modules/bower-registry-client/node_modules/request/node_modules/hawk/node_modules/boom
111 warn checkPermissions Missing write access to /usr/local/lib/node_modules/bower/node_modules/bower-registry-client/node_modules/request/node_modules/hawk/node_modules/cryptiles
112 warn checkPermissions Missing write access to /usr/local/lib/node_modules/bower/node_modules/bower-registry-client/node_modules/request/node_modules/hawk/node_modules/sntp
113 warn checkPermissions Missing write access to /usr/local/lib/node_modules/bower/node_modules/bower-registry-client/node_modules/request/node_modules/hawk
114 warn checkPermissions Missing write access to /usr/local/lib/node_modules/bower/node_modules/bower-registry-client/node_modules/request/node_modules/http-signature/node_modules/asn1
115 warn checkPermissions Missing write access to /usr/local/lib/node_modules/bower/node_modules/bower-registry-client/node_modules/request/node_modules/http-signature/node_modules/assert-plus
116 warn checkPermissions Missing write access to /usr/local/lib/node_modules/bower/node_modules/bower-registry-client/node_modules/request/node_modules/http-signature/node_modules/ctype
117 warn checkPermissions Missing write access to /usr/local/lib/node_modules/bower/node_modules/bower-registry-client/node_modules/request/node_modules/http-signature
118 warn checkPermissions Missing write access to /usr/local/lib/node_modules/bower/node_modules/bower-registry-client/node_modules/request/node_modules/json-stringify-safe
119 warn checkPermissions Missing write access to /usr/local/lib/node_modules/bower/node_modules/bower-registry-client/node_modules/request/node_modules/mime-types
120 warn checkPermissions Missing write access to /usr/local/lib/node_modules/bower/node_modules/bower-registry-client/node_modules/request/node_modules/node-uuid
121 warn checkPermissions Missing write access to /usr/local/lib/node_modules/bower/node_modules/bower-registry-client/node_modules/request/node_modules/oauth-sign
122 warn checkPermissions Missing write access to /usr/local/lib/node_modules/bower/node_modules/bower-registry-client/node_modules/request/node_modules/qs
123 warn checkPermissions Missing write access to /usr/local/lib/node_modules/bower/node_modules/bower-registry-client/node_modules/request/node_modules/stringstream
124 warn checkPermissions Missing write access to /usr/local/lib/node_modules/bower/node_modules/bower-registry-client/node_modules/request/node_modules/tough-cookie
125 warn checkPermissions Missing write access to /usr/local/lib/node_modules/bower/node_modules/bower-registry-client/node_modules/request/node_modules/tunnel-agent
126 warn checkPermissions Missing write access to /usr/local/lib/node_modules/bower/node_modules/bower-registry-client/node_modules/request
127 warn checkPermissions Missing write access to /usr/local/lib/node_modules/bower/node_modules/bower-registry-client/node_modules/rimraf
128 warn checkPermissions Missing write access to /usr/local/lib/node_modules/bower/node_modules/cardinal/node_modules/ansicolors
129 warn checkPermissions Missing write access to /usr/local/lib/node_modules/bower/node_modules/cardinal/node_modules/redeyed/node_modules/esprima
130 warn checkPermissions Missing write access to /usr/local/lib/node_modules/bower/node_modules/cardinal/node_modules/redeyed
131 warn checkPermissions Missing write access to /usr/local/lib/node_modules/bower/node_modules/chalk/node_modules/ansi-styles
132 warn checkPermissions Missing write access to /usr/local/lib/node_modules/bower/node_modules/chalk/node_modules/escape-string-regexp
133 warn checkPermissions Missing write access to /usr/local/lib/node_modules/bower/node_modules/chalk/node_modules/has-ansi/node_modules/ansi-regex
134 warn checkPermissions Missing write access to /usr/local/lib/node_modules/bower/node_modules/chalk/node_modules/has-ansi
135 warn checkPermissions Missing write access to /usr/local/lib/node_modules/bower/node_modules/chalk/node_modules/strip-ansi/node_modules/ansi-regex
136 warn checkPermissions Missing write access to /usr/local/lib/node_modules/bower/node_modules/chalk/node_modules/strip-ansi
137 warn checkPermissions Missing write access to /usr/local/lib/node_modules/bower/node_modules/chalk/node_modules/supports-color
138 warn checkPermissions Missing write access to /usr/local/lib/node_modules/bower/node_modules/chalk
139 warn checkPermissions Missing write access to /usr/local/lib/node_modules/bower/node_modules/configstore/node_modules/js-yaml/node_modules/argparse/node_modules/lodash
140 warn checkPermissions Missing write access to /usr/local/lib/node_modules/bower/node_modules/configstore/node_modules/js-yaml/node_modules/argparse/node_modules/sprintf-js
141 warn checkPermissions Missing write access to /usr/local/lib/node_modules/bower/node_modules/configstore/node_modules/js-yaml/node_modules/argparse
142 warn checkPermissions Missing write access to /usr/local/lib/node_modules/bower/node_modules/configstore/node_modules/js-yaml/node_modules/esprima
143 warn checkPermissions Missing write access to /usr/local/lib/node_modules/bower/node_modules/configstore/node_modules/js-yaml
144 warn checkPermissions Missing write access to /usr/local/lib/node_modules/bower/node_modules/configstore/node_modules/object-assign
145 warn checkPermissions Missing write access to /usr/local/lib/node_modules/bower/node_modules/configstore/node_modules/osenv/node_modules/os-homedir
146 warn checkPermissions Missing write access to /usr/local/lib/node_modules/bower/node_modules/configstore/node_modules/osenv/node_modules/os-tmpdir
147 warn checkPermissions Missing write access to /usr/local/lib/node_modules/bower/node_modules/configstore/node_modules/osenv
148 warn checkPermissions Missing write access to /usr/local/lib/node_modules/bower/node_modules/configstore/node_modules/uuid
149 warn checkPermissions Missing write access to /usr/local/lib/node_modules/bower/node_modules/decompress-zip/node_modules/binary/node_modules/buffers
150 warn checkPermissions Missing write access to /usr/local/lib/node_modules/bower/node_modules/decompress-zip/node_modules/binary/node_modules/chainsaw/node_modules/traverse
151 warn checkPermissions Missing write access to /usr/local/lib/node_modules/bower/node_modules/decompress-zip/node_modules/binary/node_modules/chainsaw
152 warn checkPermissions Missing write access to /usr/local/lib/node_modules/bower/node_modules/decompress-zip/node_modules/binary
153 warn checkPermissions Missing write access to /usr/local/lib/node_modules/bower/node_modules/decompress-zip/node_modules/mkpath
154 warn checkPermissions Missing write access to /usr/local/lib/node_modules/bower/node_modules/decompress-zip/node_modules/readable-stream/node_modules/core-util-is
155 warn checkPermissions Missing write access to /usr/local/lib/node_modules/bower/node_modules/decompress-zip/node_modules/readable-stream/node_modules/inherits
156 warn checkPermissions Missing write access to /usr/local/lib/node_modules/bower/node_modules/decompress-zip/node_modules/readable-stream/node_modules/isarray
157 warn checkPermissions Missing write access to /usr/local/lib/node_modules/bower/node_modules/decompress-zip/node_modules/readable-stream/node_modules/string_decoder
158 warn checkPermissions Missing write access to /usr/local/lib/node_modules/bower/node_modules/decompress-zip/node_modules/readable-stream
159 warn checkPermissions Missing write access to /usr/local/lib/node_modules/bower/node_modules/decompress-zip/node_modules/touch/node_modules/nopt
160 warn checkPermissions Missing write access to /usr/local/lib/node_modules/bower/node_modules/decompress-zip/node_modules/touch
161 warn checkPermissions Missing write access to /usr/local/lib/node_modules/bower/node_modules/deep-sort-object/node_modules/mout
162 warn checkPermissions Missing write access to /usr/local/lib/node_modules/bower/node_modules/fstream-ignore/node_modules/inherits
163 warn checkPermissions Missing write access to /usr/local/lib/node_modules/bower/node_modules/fstream-ignore/node_modules/minimatch/node_modules/brace-expansion/node_modules/balanced-match
164 warn checkPermissions Missing write access to /usr/local/lib/node_modules/bower/node_modules/fstream-ignore/node_modules/minimatch/node_modules/brace-expansion/node_modules/concat-map
165 warn checkPermissions Missing write access to /usr/local/lib/node_modules/bower/node_modules/fstream-ignore/node_modules/minimatch/node_modules/brace-expansion
166 warn checkPermissions Missing write access to /usr/local/lib/node_modules/bower/node_modules/fstream-ignore/node_modules/minimatch
167 warn checkPermissions Missing write access to /usr/local/lib/node_modules/bower/node_modules/fstream/node_modules/inherits
168 warn checkPermissions Missing write access to /usr/local/lib/node_modules/bower/node_modules/github/node_modules/mime
169 warn checkPermissions Missing write access to /usr/local/lib/node_modules/bower/node_modules/glob/node_modules/inflight/node_modules/wrappy
170 warn checkPermissions Missing write access to /usr/local/lib/node_modules/bower/node_modules/glob/node_modules/inherits
171 warn checkPermissions Missing write access to /usr/local/lib/node_modules/bower/node_modules/glob/node_modules/minimatch/node_modules/brace-expansion/node_modules/balanced-match
172 warn checkPermissions Missing write access to /usr/local/lib/node_modules/bower/node_modules/glob/node_modules/minimatch/node_modules/brace-expansion/node_modules/concat-map
173 warn checkPermissions Missing write access to /usr/local/lib/node_modules/bower/node_modules/glob/node_modules/minimatch/node_modules/brace-expansion
174 warn checkPermissions Missing write access to /usr/local/lib/node_modules/bower/node_modules/glob/node_modules/minimatch
175 warn checkPermissions Missing write access to /usr/local/lib/node_modules/bower/node_modules/glob/node_modules/once/node_modules/wrappy
176 warn checkPermissions Missing write access to /usr/local/lib/node_modules/bower/node_modules/glob/node_modules/once
177 warn checkPermissions Missing write access to /usr/local/lib/node_modules/bower/node_modules/glob/node_modules/inflight
178 warn checkPermissions Missing write access to /usr/local/lib/node_modules/bower/node_modules/graceful-fs
179 warn checkPermissions Missing write access to /usr/local/lib/node_modules/bower/node_modules/handlebars/node_modules/optimist/node_modules/wordwrap
180 warn checkPermissions Missing write access to /usr/local/lib/node_modules/bower/node_modules/handlebars/node_modules/optimist
181 warn checkPermissions Missing write access to /usr/local/lib/node_modules/bower/node_modules/handlebars/node_modules/uglify-js/node_modules/async
182 warn checkPermissions Missing write access to /usr/local/lib/node_modules/bower/node_modules/handlebars/node_modules/uglify-js/node_modules/source-map/node_modules/amdefine
183 warn checkPermissions Missing write access to /usr/local/lib/node_modules/bower/node_modules/handlebars/node_modules/uglify-js
184 warn checkPermissions Missing write access to /usr/local/lib/node_modules/bower/node_modules/handlebars/node_modules/uglify-js/node_modules/source-map
185 warn checkPermissions Missing write access to /usr/local/lib/node_modules/bower/node_modules/inquirer/node_modules/ansi-regex
186 warn checkPermissions Missing write access to /usr/local/lib/node_modules/bower/node_modules/inquirer/node_modules/chalk/node_modules/ansi-styles
187 warn checkPermissions Missing write access to /usr/local/lib/node_modules/bower/node_modules/inquirer/node_modules/chalk/node_modules/escape-string-regexp
188 warn checkPermissions Missing write access to /usr/local/lib/node_modules/bower/node_modules/inquirer/node_modules/chalk/node_modules/has-ansi/node_modules/ansi-regex
189 warn checkPermissions Missing write access to /usr/local/lib/node_modules/bower/node_modules/inquirer/node_modules/chalk/node_modules/has-ansi
190 warn checkPermissions Missing write access to /usr/local/lib/node_modules/bower/node_modules/inquirer/node_modules/chalk/node_modules/strip-ansi/node_modules/ansi-regex
191 warn checkPermissions Missing write access to /usr/local/lib/node_modules/bower/node_modules/inquirer/node_modules/chalk/node_modules/strip-ansi
192 warn checkPermissions Missing write access to /usr/local/lib/node_modules/bower/node_modules/inquirer/node_modules/chalk/node_modules/supports-color
193 warn checkPermissions Missing write access to /usr/local/lib/node_modules/bower/node_modules/inquirer/node_modules/chalk
194 warn checkPermissions Missing write access to /usr/local/lib/node_modules/bower/node_modules/inquirer/node_modules/cli-color/node_modules/es5-ext/node_modules/es6-symbol
195 warn checkPermissions Missing write access to /usr/local/lib/node_modules/bower/node_modules/inquirer/node_modules/cli-color/node_modules/es5-ext/node_modules/es6-iterator
196 warn checkPermissions Missing write access to /usr/local/lib/node_modules/bower/node_modules/inquirer/node_modules/cli-color/node_modules/es5-ext
197 warn checkPermissions Missing write access to /usr/local/lib/node_modules/bower/node_modules/inquirer/node_modules/cli-color/node_modules/d
198 warn checkPermissions Missing write access to /usr/local/lib/node_modules/bower/node_modules/inquirer/node_modules/cli-color/node_modules/memoizee/node_modules/es6-weak-map/node_modules/es6-symbol
199 warn checkPermissions Missing write access to /usr/local/lib/node_modules/bower/node_modules/inquirer/node_modules/cli-color/node_modules/memoizee/node_modules/es6-weak-map/node_modules/es6-iterator
200 warn checkPermissions Missing write access to /usr/local/lib/node_modules/bower/node_modules/inquirer/node_modules/cli-color/node_modules/memoizee/node_modules/es6-weak-map
201 warn checkPermissions Missing write access to /usr/local/lib/node_modules/bower/node_modules/inquirer/node_modules/cli-color/node_modules/memoizee/node_modules/event-emitter
202 warn checkPermissions Missing write access to /usr/local/lib/node_modules/bower/node_modules/inquirer/node_modules/cli-color/node_modules/memoizee/node_modules/lru-queue
203 warn checkPermissions Missing write access to /usr/local/lib/node_modules/bower/node_modules/inquirer/node_modules/cli-color/node_modules/memoizee/node_modules/next-tick
204 warn checkPermissions Missing write access to /usr/local/lib/node_modules/bower/node_modules/inquirer/node_modules/cli-color/node_modules/timers-ext/node_modules/next-tick
205 warn checkPermissions Missing write access to /usr/local/lib/node_modules/bower/node_modules/inquirer/node_modules/cli-color/node_modules/timers-ext
206 warn checkPermissions Missing write access to /usr/local/lib/node_modules/bower/node_modules/inquirer/node_modules/cli-color/node_modules/memoizee
207 warn checkPermissions Missing write access to /usr/local/lib/node_modules/bower/node_modules/inquirer/node_modules/cli-color
208 warn checkPermissions Missing write access to /usr/local/lib/node_modules/bower/node_modules/inquirer/node_modules/figures
209 warn checkPermissions Missing write access to /usr/local/lib/node_modules/bower/node_modules/inquirer/node_modules/lodash
210 warn checkPermissions Missing write access to /usr/local/lib/node_modules/bower/node_modules/inquirer/node_modules/mute-stream
211 warn checkPermissions Missing write access to /usr/local/lib/node_modules/bower/node_modules/inquirer/node_modules/readline2
212 warn checkPermissions Missing write access to /usr/local/lib/node_modules/bower/node_modules/inquirer/node_modules/readline2/node_modules/strip-ansi
213 warn checkPermissions Missing write access to /usr/local/lib/node_modules/bower/node_modules/inquirer/node_modules/rx
214 warn checkPermissions Missing write access to /usr/local/lib/node_modules/bower/node_modules/inquirer/node_modules/through
215 warn checkPermissions Missing write access to /usr/local/lib/node_modules/bower/node_modules/inquirer
216 warn checkPermissions Missing write access to /usr/local/lib/node_modules/bower/node_modules/insight/node_modules/async
217 warn checkPermissions Missing write access to /usr/local/lib/node_modules/bower/node_modules/insight/node_modules/lodash.debounce/node_modules/lodash._getnative
218 warn checkPermissions Missing write access to /usr/local/lib/node_modules/bower/node_modules/insight/node_modules/lodash.debounce
219 warn checkPermissions Missing write access to /usr/local/lib/node_modules/bower/node_modules/insight/node_modules/object-assign
220 warn checkPermissions Missing write access to /usr/local/lib/node_modules/bower/node_modules/insight/node_modules/os-name/node_modules/osx-release/node_modules/minimist
221 warn checkPermissions Missing write access to /usr/local/lib/node_modules/bower/node_modules/insight/node_modules/os-name/node_modules/osx-release
222 warn checkPermissions Missing write access to /usr/local/lib/node_modules/bower/node_modules/insight/node_modules/os-name/node_modules/win-release/node_modules/semver
223 warn checkPermissions Missing write access to /usr/local/lib/node_modules/bower/node_modules/insight/node_modules/os-name/node_modules/win-release
224 warn checkPermissions Missing write access to /usr/local/lib/node_modules/bower/node_modules/insight/node_modules/os-name
225 warn checkPermissions Missing write access to /usr/local/lib/node_modules/bower/node_modules/insight/node_modules/tough-cookie/node_modules/punycode
226 warn checkPermissions Missing write access to /usr/local/lib/node_modules/bower/node_modules/insight/node_modules/tough-cookie
227 warn checkPermissions Missing write access to /usr/local/lib/node_modules/bower/node_modules/mkdirp/node_modules/minimist
228 warn checkPermissions Missing write access to /usr/local/lib/node_modules/bower/node_modules/mkdirp
229 warn checkPermissions Missing write access to /usr/local/lib/node_modules/bower/node_modules/nopt
230 warn checkPermissions Missing write access to /usr/local/lib/node_modules/bower/node_modules/p-throttler/node_modules/q
231 warn checkPermissions Missing write access to /usr/local/lib/node_modules/bower/node_modules/promptly/node_modules/read/node_modules/mute-stream
232 warn checkPermissions Missing write access to /usr/local/lib/node_modules/bower/node_modules/promptly/node_modules/read
233 warn checkPermissions Missing write access to /usr/local/lib/node_modules/bower/node_modules/q
234 warn checkPermissions Missing write access to /usr/local/lib/node_modules/bower/node_modules/request-progress/node_modules/throttleit
235 warn checkPermissions Missing write access to /usr/local/lib/node_modules/bower/node_modules/request/node_modules/aws-sign2
236 warn checkPermissions Missing write access to /usr/local/lib/node_modules/bower/node_modules/request/node_modules/bl/node_modules/readable-stream/node_modules/core-util-is
237 warn checkPermissions Missing write access to /usr/local/lib/node_modules/bower/node_modules/request/node_modules/bl/node_modules/readable-stream/node_modules/inherits
238 warn checkPermissions Missing write access to /usr/local/lib/node_modules/bower/node_modules/request/node_modules/bl/node_modules/readable-stream/node_modules/isarray
239 warn checkPermissions Missing write access to /usr/local/lib/node_modules/bower/node_modules/request/node_modules/bl/node_modules/readable-stream/node_modules/string_decoder
240 warn checkPermissions Missing write access to /usr/local/lib/node_modules/bower/node_modules/request/node_modules/bl/node_modules/readable-stream
241 warn checkPermissions Missing write access to /usr/local/lib/node_modules/bower/node_modules/request/node_modules/bl
242 warn checkPermissions Missing write access to /usr/local/lib/node_modules/bower/node_modules/request/node_modules/caseless
243 warn checkPermissions Missing write access to /usr/local/lib/node_modules/bower/node_modules/request/node_modules/combined-stream/node_modules/delayed-stream
244 warn checkPermissions Missing write access to /usr/local/lib/node_modules/bower/node_modules/request/node_modules/combined-stream
245 warn checkPermissions Missing write access to /usr/local/lib/node_modules/bower/node_modules/request/node_modules/forever-agent
246 warn checkPermissions Missing write access to /usr/local/lib/node_modules/bower/node_modules/request/node_modules/form-data/node_modules/async
247 warn checkPermissions Missing write access to /usr/local/lib/node_modules/bower/node_modules/request/node_modules/hawk/node_modules/hoek
248 warn checkPermissions Missing write access to /usr/local/lib/node_modules/bower/node_modules/request/node_modules/hawk/node_modules/boom
249 warn checkPermissions Missing write access to /usr/local/lib/node_modules/bower/node_modules/request/node_modules/hawk/node_modules/cryptiles
250 warn checkPermissions Missing write access to /usr/local/lib/node_modules/bower/node_modules/request/node_modules/hawk/node_modules/sntp
251 warn checkPermissions Missing write access to /usr/local/lib/node_modules/bower/node_modules/request/node_modules/hawk
252 warn checkPermissions Missing write access to /usr/local/lib/node_modules/bower/node_modules/request/node_modules/http-signature/node_modules/asn1
253 warn checkPermissions Missing write access to /usr/local/lib/node_modules/bower/node_modules/request/node_modules/http-signature/node_modules/assert-plus
254 warn checkPermissions Missing write access to /usr/local/lib/node_modules/bower/node_modules/request/node_modules/http-signature/node_modules/ctype
255 warn checkPermissions Missing write access to /usr/local/lib/node_modules/bower/node_modules/request/node_modules/http-signature
256 warn checkPermissions Missing write access to /usr/local/lib/node_modules/bower/node_modules/request/node_modules/isstream
257 warn checkPermissions Missing write access to /usr/local/lib/node_modules/bower/node_modules/request/node_modules/json-stringify-safe
258 warn checkPermissions Missing write access to /usr/local/lib/node_modules/bower/node_modules/request/node_modules/mime-types/node_modules/mime-db
259 warn checkPermissions Missing write access to /usr/local/lib/node_modules/bower/node_modules/request/node_modules/mime-types
260 warn checkPermissions Missing write access to /usr/local/lib/node_modules/bower/node_modules/request/node_modules/form-data
261 warn checkPermissions Missing write access to /usr/local/lib/node_modules/bower/node_modules/request/node_modules/node-uuid
262 warn checkPermissions Missing write access to /usr/local/lib/node_modules/bower/node_modules/request/node_modules/oauth-sign
263 warn checkPermissions Missing write access to /usr/local/lib/node_modules/bower/node_modules/request/node_modules/qs
264 warn checkPermissions Missing write access to /usr/local/lib/node_modules/bower/node_modules/request/node_modules/stringstream
265 warn checkPermissions Missing write access to /usr/local/lib/node_modules/bower/node_modules/request/node_modules/tough-cookie
266 warn checkPermissions Missing write access to /usr/local/lib/node_modules/bower/node_modules/request/node_modules/tunnel-agent
267 warn checkPermissions Missing write access to /usr/local/lib/node_modules/bower/node_modules/request
268 warn checkPermissions Missing write access to /usr/local/lib/node_modules/bower/node_modules/retry
269 warn checkPermissions Missing write access to /usr/local/lib/node_modules/bower/node_modules/bower-registry-client/node_modules/request-replay
270 warn checkPermissions Missing write access to /usr/local/lib/node_modules/bower/node_modules/rimraf/node_modules/glob/node_modules/inflight/node_modules/wrappy
271 warn checkPermissions Missing write access to /usr/local/lib/node_modules/bower/node_modules/rimraf/node_modules/glob/node_modules/inherits
272 warn checkPermissions Missing write access to /usr/local/lib/node_modules/bower/node_modules/rimraf/node_modules/glob/node_modules/minimatch/node_modules/brace-expansion/node_modules/balanced-match
273 warn checkPermissions Missing write access to /usr/local/lib/node_modules/bower/node_modules/rimraf/node_modules/glob/node_modules/minimatch/node_modules/brace-expansion/node_modules/concat-map
274 warn checkPermissions Missing write access to /usr/local/lib/node_modules/bower/node_modules/rimraf/node_modules/glob/node_modules/minimatch/node_modules/brace-expansion
275 warn checkPermissions Missing write access to /usr/local/lib/node_modules/bower/node_modules/rimraf/node_modules/glob/node_modules/minimatch
276 warn checkPermissions Missing write access to /usr/local/lib/node_modules/bower/node_modules/rimraf/node_modules/glob/node_modules/once/node_modules/wrappy
277 warn checkPermissions Missing write access to /usr/local/lib/node_modules/bower/node_modules/rimraf/node_modules/glob/node_modules/once
278 warn checkPermissions Missing write access to /usr/local/lib/node_modules/bower/node_modules/rimraf/node_modules/glob/node_modules/inflight
279 warn checkPermissions Missing write access to /usr/local/lib/node_modules/bower/node_modules/rimraf/node_modules/glob/node_modules/path-is-absolute
280 warn checkPermissions Missing write access to /usr/local/lib/node_modules/bower/node_modules/rimraf/node_modules/glob
281 warn checkPermissions Missing write access to /usr/local/lib/node_modules/bower/node_modules/rimraf
282 warn checkPermissions Missing write access to /usr/local/lib/node_modules/bower/node_modules/fstream
283 warn checkPermissions Missing write access to /usr/local/lib/node_modules/bower/node_modules/shell-quote/node_modules/array-filter
284 warn checkPermissions Missing write access to /usr/local/lib/node_modules/bower/node_modules/shell-quote/node_modules/array-map
285 warn checkPermissions Missing write access to /usr/local/lib/node_modules/bower/node_modules/shell-quote/node_modules/array-reduce
286 warn checkPermissions Missing write access to /usr/local/lib/node_modules/bower/node_modules/shell-quote/node_modules/jsonify
287 warn checkPermissions Missing write access to /usr/local/lib/node_modules/bower/node_modules/tar-fs/node_modules/pump/node_modules/once/node_modules/wrappy
288 warn checkPermissions Missing write access to /usr/local/lib/node_modules/bower/node_modules/tar-fs/node_modules/pump/node_modules/once
289 warn checkPermissions Missing write access to /usr/local/lib/node_modules/bower/node_modules/tar-fs/node_modules/pump/node_modules/end-of-stream
290 warn checkPermissions Missing write access to /usr/local/lib/node_modules/bower/node_modules/tar-fs/node_modules/pump
291 warn checkPermissions Missing write access to /usr/local/lib/node_modules/bower/node_modules/tar-fs/node_modules/tar-stream/node_modules/end-of-stream/node_modules/once/node_modules/wrappy
292 warn checkPermissions Missing write access to /usr/local/lib/node_modules/bower/node_modules/tar-fs/node_modules/tar-stream/node_modules/end-of-stream/node_modules/once
293 warn checkPermissions Missing write access to /usr/local/lib/node_modules/bower/node_modules/tar-fs/node_modules/tar-stream/node_modules/end-of-stream
294 warn checkPermissions Missing write access to /usr/local/lib/node_modules/bower/node_modules/tar-fs/node_modules/tar-stream/node_modules/readable-stream/node_modules/core-util-is
295 warn checkPermissions Missing write access to /usr/local/lib/node_modules/bower/node_modules/tar-fs/node_modules/tar-stream/node_modules/readable-stream/node_modules/inherits
296 warn checkPermissions Missing write access to /usr/local/lib/node_modules/bower/node_modules/tar-fs/node_modules/tar-stream/node_modules/readable-stream/node_modules/isarray
297 warn checkPermissions Missing write access to /usr/local/lib/node_modules/bower/node_modules/tar-fs/node_modules/tar-stream/node_modules/readable-stream/node_modules/process-nextick-args
298 warn checkPermissions Missing write access to /usr/local/lib/node_modules/bower/node_modules/tar-fs/node_modules/tar-stream/node_modules/readable-stream/node_modules/string_decoder
299 warn checkPermissions Missing write access to /usr/local/lib/node_modules/bower/node_modules/tar-fs/node_modules/tar-stream/node_modules/readable-stream/node_modules/util-deprecate
300 warn checkPermissions Missing write access to /usr/local/lib/node_modules/bower/node_modules/tar-fs/node_modules/tar-stream/node_modules/readable-stream
301 warn checkPermissions Missing write access to /usr/local/lib/node_modules/bower/node_modules/tar-fs/node_modules/tar-stream/node_modules/bl
302 warn checkPermissions Missing write access to /usr/local/lib/node_modules/bower/node_modules/tar-fs/node_modules/tar-stream/node_modules/xtend
303 warn checkPermissions Missing write access to /usr/local/lib/node_modules/bower/node_modules/tar-fs/node_modules/tar-stream
304 warn checkPermissions Missing write access to /usr/local/lib/node_modules/bower/node_modules/update-notifier/node_modules/is-npm
305 warn checkPermissions Missing write access to /usr/local/lib/node_modules/bower/node_modules/update-notifier/node_modules/latest-version/node_modules/package-json/node_modules/got/node_modules/duplexify/node_modules/end-of-stream/node_modules/once/node_modules/wrappy
306 warn checkPermissions Missing write access to /usr/local/lib/node_modules/bower/node_modules/update-notifier/node_modules/latest-version/node_modules/package-json/node_modules/got/node_modules/duplexify/node_modules/end-of-stream/node_modules/once
307 warn checkPermissions Missing write access to /usr/local/lib/node_modules/bower/node_modules/update-notifier/node_modules/latest-version/node_modules/package-json/node_modules/got/node_modules/duplexify/node_modules/end-of-stream
308 warn checkPermissions Missing write access to /usr/local/lib/node_modules/bower/node_modules/update-notifier/node_modules/latest-version/node_modules/package-json/node_modules/got/node_modules/duplexify/node_modules/readable-stream/node_modules/core-util-is
309 warn checkPermissions Missing write access to /usr/local/lib/node_modules/bower/node_modules/update-notifier/node_modules/latest-version/node_modules/package-json/node_modules/got/node_modules/duplexify/node_modules/readable-stream/node_modules/inherits
310 warn checkPermissions Missing write access to /usr/local/lib/node_modules/bower/node_modules/update-notifier/node_modules/latest-version/node_modules/package-json/node_modules/got/node_modules/duplexify/node_modules/readable-stream/node_modules/isarray
311 warn checkPermissions Missing write access to /usr/local/lib/node_modules/bower/node_modules/update-notifier/node_modules/latest-version/node_modules/package-json/node_modules/got/node_modules/duplexify/node_modules/readable-stream/node_modules/process-nextick-args
312 warn checkPermissions Missing write access to /usr/local/lib/node_modules/bower/node_modules/update-notifier/node_modules/latest-version/node_modules/package-json/node_modules/got/node_modules/duplexify/node_modules/readable-stream/node_modules/string_decoder
313 warn checkPermissions Missing write access to /usr/local/lib/node_modules/bower/node_modules/update-notifier/node_modules/latest-version/node_modules/package-json/node_modules/got/node_modules/duplexify/node_modules/readable-stream/node_modules/util-deprecate
314 warn checkPermissions Missing write access to /usr/local/lib/node_modules/bower/node_modules/update-notifier/node_modules/latest-version/node_modules/package-json/node_modules/got/node_modules/duplexify/node_modules/readable-stream
315 warn checkPermissions Missing write access to /usr/local/lib/node_modules/bower/node_modules/update-notifier/node_modules/latest-version/node_modules/package-json/node_modules/got/node_modules/duplexify
316 warn checkPermissions Missing write access to /usr/local/lib/node_modules/bower/node_modules/update-notifier/node_modules/latest-version/node_modules/package-json/node_modules/got/node_modules/infinity-agent
317 warn checkPermissions Missing write access to /usr/local/lib/node_modules/bower/node_modules/update-notifier/node_modules/latest-version/node_modules/package-json/node_modules/got/node_modules/is-redirect
318 warn checkPermissions Missing write access to /usr/local/lib/node_modules/bower/node_modules/update-notifier/node_modules/latest-version/node_modules/package-json/node_modules/got/node_modules/is-stream
319 warn checkPermissions Missing write access to /usr/local/lib/node_modules/bower/node_modules/update-notifier/node_modules/latest-version/node_modules/package-json/node_modules/got/node_modules/lowercase-keys
320 warn checkPermissions Missing write access to /usr/local/lib/node_modules/bower/node_modules/update-notifier/node_modules/latest-version/node_modules/package-json/node_modules/got/node_modules/nested-error-stacks/node_modules/inherits
321 warn checkPermissions Missing write access to /usr/local/lib/node_modules/bower/node_modules/update-notifier/node_modules/latest-version/node_modules/package-json/node_modules/got/node_modules/nested-error-stacks
322 warn checkPermissions Missing write access to /usr/local/lib/node_modules/bower/node_modules/update-notifier/node_modules/latest-version/node_modules/package-json/node_modules/got/node_modules/object-assign
323 warn checkPermissions Missing write access to /usr/local/lib/node_modules/bower/node_modules/update-notifier/node_modules/latest-version/node_modules/package-json/node_modules/got/node_modules/prepend-http
324 warn checkPermissions Missing write access to /usr/local/lib/node_modules/bower/node_modules/update-notifier/node_modules/latest-version/node_modules/package-json/node_modules/got/node_modules/read-all-stream/node_modules/pinkie-promise/node_modules/pinkie
325 warn checkPermissions Missing write access to /usr/local/lib/node_modules/bower/node_modules/update-notifier/node_modules/latest-version/node_modules/package-json/node_modules/got/node_modules/read-all-stream/node_modules/pinkie-promise
326 warn checkPermissions Missing write access to /usr/local/lib/node_modules/bower/node_modules/update-notifier/node_modules/latest-version/node_modules/package-json/node_modules/got/node_modules/read-all-stream/node_modules/readable-stream/node_modules/core-util-is
327 warn checkPermissions Missing write access to /usr/local/lib/node_modules/bower/node_modules/update-notifier/node_modules/latest-version/node_modules/package-json/node_modules/got/node_modules/read-all-stream/node_modules/readable-stream/node_modules/inherits
328 warn checkPermissions Missing write access to /usr/local/lib/node_modules/bower/node_modules/update-notifier/node_modules/latest-version/node_modules/package-json/node_modules/got/node_modules/read-all-stream/node_modules/readable-stream/node_modules/isarray
329 warn checkPermissions Missing write access to /usr/local/lib/node_modules/bower/node_modules/update-notifier/node_modules/latest-version/node_modules/package-json/node_modules/got/node_modules/read-all-stream/node_modules/readable-stream/node_modules/process-nextick-args
330 warn checkPermissions Missing write access to /usr/local/lib/node_modules/bower/node_modules/update-notifier/node_modules/latest-version/node_modules/package-json/node_modules/got/node_modules/read-all-stream/node_modules/readable-stream/node_modules/string_decoder
331 warn checkPermissions Missing write access to /usr/local/lib/node_modules/bower/node_modules/update-notifier/node_modules/latest-version/node_modules/package-json/node_modules/got/node_modules/read-all-stream/node_modules/readable-stream/node_modules/util-deprecate
332 warn checkPermissions Missing write access to /usr/local/lib/node_modules/bower/node_modules/update-notifier/node_modules/latest-version/node_modules/package-json/node_modules/got/node_modules/read-all-stream/node_modules/readable-stream
333 warn checkPermissions Missing write access to /usr/local/lib/node_modules/bower/node_modules/update-notifier/node_modules/latest-version/node_modules/package-json/node_modules/got/node_modules/read-all-stream
334 warn checkPermissions Missing write access to /usr/local/lib/node_modules/bower/node_modules/update-notifier/node_modules/latest-version/node_modules/package-json/node_modules/got/node_modules/timed-out
335 warn checkPermissions Missing write access to /usr/local/lib/node_modules/bower/node_modules/update-notifier/node_modules/latest-version/node_modules/package-json/node_modules/got
336 warn checkPermissions Missing write access to /usr/local/lib/node_modules/bower/node_modules/update-notifier/node_modules/latest-version/node_modules/package-json/node_modules/registry-url/node_modules/rc/node_modules/deep-extend
337 warn checkPermissions Missing write access to /usr/local/lib/node_modules/bower/node_modules/update-notifier/node_modules/latest-version/node_modules/package-json/node_modules/registry-url/node_modules/rc/node_modules/ini
338 warn checkPermissions Missing write access to /usr/local/lib/node_modules/bower/node_modules/update-notifier/node_modules/latest-version/node_modules/package-json/node_modules/registry-url/node_modules/rc/node_modules/minimist
339 warn checkPermissions Missing write access to /usr/local/lib/node_modules/bower/node_modules/update-notifier/node_modules/latest-version/node_modules/package-json/node_modules/registry-url/node_modules/rc/node_modules/strip-json-comments
340 warn checkPermissions Missing write access to /usr/local/lib/node_modules/bower/node_modules/update-notifier/node_modules/latest-version/node_modules/package-json/node_modules/registry-url/node_modules/rc
341 warn checkPermissions Missing write access to /usr/local/lib/node_modules/bower/node_modules/update-notifier/node_modules/latest-version/node_modules/package-json/node_modules/registry-url
342 warn checkPermissions Missing write access to /usr/local/lib/node_modules/bower/node_modules/update-notifier/node_modules/latest-version/node_modules/package-json
343 warn checkPermissions Missing write access to /usr/local/lib/node_modules/bower/node_modules/update-notifier/node_modules/latest-version
344 warn checkPermissions Missing write access to /usr/local/lib/node_modules/bower/node_modules/update-notifier/node_modules/semver-diff/node_modules/semver
345 warn checkPermissions Missing write access to /usr/local/lib/node_modules/bower/node_modules/update-notifier/node_modules/semver-diff
346 warn checkPermissions Missing write access to /usr/local/lib/node_modules/bower/node_modules/update-notifier/node_modules/string-length/node_modules/strip-ansi/node_modules/ansi-regex
347 warn checkPermissions Missing write access to /usr/local/lib/node_modules/bower/node_modules/update-notifier/node_modules/string-length/node_modules/strip-ansi
348 warn checkPermissions Missing write access to /usr/local/lib/node_modules/bower/node_modules/update-notifier/node_modules/string-length
349 warn checkPermissions Missing write access to /usr/local/lib/node_modules/bower/node_modules/user-home
350 warn checkPermissions Missing write access to /usr/local/lib/node_modules/bower/node_modules/configstore/node_modules/xdg-basedir
351 warn checkPermissions Missing write access to /usr/local/lib/node_modules/bower/node_modules/configstore
352 warn checkPermissions Missing write access to /usr/local/lib/node_modules/bower/node_modules/which/node_modules/is-absolute/node_modules/is-relative
353 warn checkPermissions Missing write access to /usr/local/lib/node_modules/bower/node_modules/which/node_modules/is-absolute
354 warn checkPermissions Missing write access to /usr/local/lib/node_modules/bower/node_modules/archy
355 warn checkPermissions Missing write access to /usr/local/lib/node_modules/bower/node_modules/bower-endpoint-parser
356 warn checkPermissions Missing write access to /usr/local/lib/node_modules/bower/node_modules/bower-json
357 warn checkPermissions Missing write access to /usr/local/lib/node_modules/bower/node_modules/bower-logger
358 warn checkPermissions Missing write access to /usr/local/lib/node_modules/bower/node_modules/bower-registry-client
359 warn checkPermissions Missing write access to /usr/local/lib/node_modules/bower/node_modules/cardinal
360 warn checkPermissions Missing write access to /usr/local/lib/node_modules/bower/node_modules/chmodr
361 warn checkPermissions Missing write access to /usr/local/lib/node_modules/bower/node_modules/decompress-zip
362 warn checkPermissions Missing write access to /usr/local/lib/node_modules/bower/node_modules/deep-sort-object
363 warn checkPermissions Missing write access to /usr/local/lib/node_modules/bower/node_modules/fstream-ignore
364 warn checkPermissions Missing write access to /usr/local/lib/node_modules/bower/node_modules/github
365 warn checkPermissions Missing write access to /usr/local/lib/node_modules/bower/node_modules/glob
366 warn checkPermissions Missing write access to /usr/local/lib/node_modules/bower/node_modules/handlebars
367 warn checkPermissions Missing write access to /usr/local/lib/node_modules/bower/node_modules/insight
368 warn checkPermissions Missing write access to /usr/local/lib/node_modules/bower/node_modules/is-root
369 warn checkPermissions Missing write access to /usr/local/lib/node_modules/bower/node_modules/junk
370 warn checkPermissions Missing write access to /usr/local/lib/node_modules/bower/node_modules/lockfile
371 warn checkPermissions Missing write access to /usr/local/lib/node_modules/bower/node_modules/lru-cache
372 warn checkPermissions Missing write access to /usr/local/lib/node_modules/bower/node_modules/mout
373 warn checkPermissions Missing write access to /usr/local/lib/node_modules/bower/node_modules/opn
374 warn checkPermissions Missing write access to /usr/local/lib/node_modules/bower/node_modules/p-throttler
375 warn checkPermissions Missing write access to /usr/local/lib/node_modules/bower/node_modules/promptly
376 warn checkPermissions Missing write access to /usr/local/lib/node_modules/bower/node_modules/request-progress
377 warn checkPermissions Missing write access to /usr/local/lib/node_modules/bower/node_modules/semver
378 warn checkPermissions Missing write access to /usr/local/lib/node_modules/bower/node_modules/shell-quote
379 warn checkPermissions Missing write access to /usr/local/lib/node_modules/bower/node_modules/stringify-object
380 warn checkPermissions Missing write access to /usr/local/lib/node_modules/bower/node_modules/tar-fs
381 warn checkPermissions Missing write access to /usr/local/lib/node_modules/bower/node_modules/tmp
382 warn checkPermissions Missing write access to /usr/local/lib/node_modules/bower/node_modules/update-notifier
383 warn checkPermissions Missing write access to /usr/local/lib/node_modules/bower/node_modules/which
384 warn checkPermissions Missing write access to /usr/local/lib/node_modules/bower
385 warn checkPermissions Missing write access to /usr/local/lib/node_modules/bower/node_modules
386 warn checkPermissions Missing write access to /usr/local/lib/node_modules/bower/node_modules/bower-config/node_modules
387 warn checkPermissions Missing write access to /usr/local/lib/node_modules/bower/node_modules/bower-config/node_modules/optimist/node_modules
388 warn checkPermissions Missing write access to /usr/local/lib/node_modules/bower/node_modules/bower-json/node_modules
389 warn checkPermissions Missing write access to /usr/local/lib/node_modules/bower/node_modules/bower-registry-client/node_modules
390 warn checkPermissions Missing write access to /usr/local/lib/node_modules/bower/node_modules/bower-registry-client/node_modules/request/node_modules
391 warn checkPermissions Missing write access to /usr/local/lib/node_modules/bower/node_modules/bower-registry-client/node_modules/request/node_modules/bl/node_modules/readable-stream/node_modules
392 warn checkPermissions Missing write access to /usr/local/lib/node_modules/bower/node_modules/bower-registry-client/node_modules/request/node_modules/bl/node_modules
393 warn checkPermissions Missing write access to /usr/local/lib/node_modules/bower/node_modules/bower-registry-client/node_modules/request/node_modules/combined-stream/node_modules
394 warn checkPermissions Missing write access to /usr/local/lib/node_modules/bower/node_modules/bower-registry-client/node_modules/request/node_modules/form-data/node_modules
395 warn checkPermissions Missing write access to /usr/local/lib/node_modules/bower/node_modules/bower-registry-client/node_modules/request/node_modules/form-data/node_modules/mime-types/node_modules
396 warn checkPermissions Missing write access to /usr/local/lib/node_modules/bower/node_modules/bower-registry-client/node_modules/request/node_modules/hawk/node_modules
397 warn checkPermissions Missing write access to /usr/local/lib/node_modules/bower/node_modules/bower-registry-client/node_modules/request/node_modules/http-signature/node_modules
398 warn checkPermissions Missing write access to /usr/local/lib/node_modules/bower/node_modules/cardinal/node_modules
399 warn checkPermissions Missing write access to /usr/local/lib/node_modules/bower/node_modules/cardinal/node_modules/redeyed/node_modules
400 warn checkPermissions Missing write access to /usr/local/lib/node_modules/bower/node_modules/chalk/node_modules
401 warn checkPermissions Missing write access to /usr/local/lib/node_modules/bower/node_modules/chalk/node_modules/has-ansi/node_modules
402 warn checkPermissions Missing write access to /usr/local/lib/node_modules/bower/node_modules/chalk/node_modules/strip-ansi/node_modules
403 warn checkPermissions Missing write access to /usr/local/lib/node_modules/bower/node_modules/configstore/node_modules/js-yaml/node_modules/argparse/node_modules
404 warn checkPermissions Missing write access to /usr/local/lib/node_modules/bower/node_modules/configstore/node_modules/js-yaml/node_modules
405 warn checkPermissions Missing write access to /usr/local/lib/node_modules/bower/node_modules/configstore/node_modules
406 warn checkPermissions Missing write access to /usr/local/lib/node_modules/bower/node_modules/configstore/node_modules/osenv/node_modules
407 warn checkPermissions Missing write access to /usr/local/lib/node_modules/bower/node_modules/decompress-zip/node_modules/binary/node_modules
408 warn checkPermissions Missing write access to /usr/local/lib/node_modules/bower/node_modules/decompress-zip/node_modules/binary/node_modules/chainsaw/node_modules
409 warn checkPermissions Missing write access to /usr/local/lib/node_modules/bower/node_modules/decompress-zip/node_modules
410 warn checkPermissions Missing write access to /usr/local/lib/node_modules/bower/node_modules/decompress-zip/node_modules/readable-stream/node_modules
411 warn checkPermissions Missing write access to /usr/local/lib/node_modules/bower/node_modules/decompress-zip/node_modules/touch/node_modules
412 warn checkPermissions Missing write access to /usr/local/lib/node_modules/bower/node_modules/deep-sort-object/node_modules
413 warn checkPermissions Missing write access to /usr/local/lib/node_modules/bower/node_modules/fstream-ignore/node_modules
414 warn checkPermissions Missing write access to /usr/local/lib/node_modules/bower/node_modules/fstream-ignore/node_modules/minimatch/node_modules/brace-expansion/node_modules
415 warn checkPermissions Missing write access to /usr/local/lib/node_modules/bower/node_modules/fstream-ignore/node_modules/minimatch/node_modules
416 warn checkPermissions Missing write access to /usr/local/lib/node_modules/bower/node_modules/fstream/node_modules
417 warn checkPermissions Missing write access to /usr/local/lib/node_modules/bower/node_modules/github/node_modules
418 warn checkPermissions Missing write access to /usr/local/lib/node_modules/bower/node_modules/glob/node_modules/inflight/node_modules
419 warn checkPermissions Missing write access to /usr/local/lib/node_modules/bower/node_modules/glob/node_modules
420 warn checkPermissions Missing write access to /usr/local/lib/node_modules/bower/node_modules/glob/node_modules/minimatch/node_modules/brace-expansion/node_modules
421 warn checkPermissions Missing write access to /usr/local/lib/node_modules/bower/node_modules/glob/node_modules/minimatch/node_modules
422 warn checkPermissions Missing write access to /usr/local/lib/node_modules/bower/node_modules/glob/node_modules/once/node_modules
423 warn checkPermissions Missing write access to /usr/local/lib/node_modules/bower/node_modules/handlebars/node_modules/optimist/node_modules
424 warn checkPermissions Missing write access to /usr/local/lib/node_modules/bower/node_modules/handlebars/node_modules
425 warn checkPermissions Missing write access to /usr/local/lib/node_modules/bower/node_modules/handlebars/node_modules/uglify-js/node_modules
426 warn checkPermissions Missing write access to /usr/local/lib/node_modules/bower/node_modules/handlebars/node_modules/uglify-js/node_modules/source-map/node_modules
427 warn checkPermissions Missing write access to /usr/local/lib/node_modules/bower/node_modules/inquirer/node_modules
428 warn checkPermissions Missing write access to /usr/local/lib/node_modules/bower/node_modules/inquirer/node_modules/chalk/node_modules
429 warn checkPermissions Missing write access to /usr/local/lib/node_modules/bower/node_modules/inquirer/node_modules/chalk/node_modules/has-ansi/node_modules
430 warn checkPermissions Missing write access to /usr/local/lib/node_modules/bower/node_modules/inquirer/node_modules/chalk/node_modules/strip-ansi/node_modules
431 warn checkPermissions Missing write access to /usr/local/lib/node_modules/bower/node_modules/inquirer/node_modules/cli-color/node_modules/es5-ext/node_modules
432 warn checkPermissions Missing write access to /usr/local/lib/node_modules/bower/node_modules/inquirer/node_modules/cli-color/node_modules
433 warn checkPermissions Missing write access to /usr/local/lib/node_modules/bower/node_modules/inquirer/node_modules/cli-color/node_modules/memoizee/node_modules/es6-weak-map/node_modules
434 warn checkPermissions Missing write access to /usr/local/lib/node_modules/bower/node_modules/inquirer/node_modules/cli-color/node_modules/memoizee/node_modules
435 warn checkPermissions Missing write access to /usr/local/lib/node_modules/bower/node_modules/inquirer/node_modules/cli-color/node_modules/timers-ext/node_modules
436 warn checkPermissions Missing write access to /usr/local/lib/node_modules/bower/node_modules/inquirer/node_modules/readline2/node_modules
437 warn checkPermissions Missing write access to /usr/local/lib/node_modules/bower/node_modules/insight/node_modules
438 warn checkPermissions Missing write access to /usr/local/lib/node_modules/bower/node_modules/insight/node_modules/lodash.debounce/node_modules
439 warn checkPermissions Missing write access to /usr/local/lib/node_modules/bower/node_modules/insight/node_modules/os-name/node_modules/osx-release/node_modules
440 warn checkPermissions Missing write access to /usr/local/lib/node_modules/bower/node_modules/insight/node_modules/os-name/node_modules
441 warn checkPermissions Missing write access to /usr/local/lib/node_modules/bower/node_modules/insight/node_modules/os-name/node_modules/win-release/node_modules
442 warn checkPermissions Missing write access to /usr/local/lib/node_modules/bower/node_modules/insight/node_modules/tough-cookie/node_modules
443 warn checkPermissions Missing write access to /usr/local/lib/node_modules/bower/node_modules/mkdirp/node_modules
444 warn checkPermissions Missing write access to /usr/local/lib/node_modules/bower/node_modules/p-throttler/node_modules
445 warn checkPermissions Missing write access to /usr/local/lib/node_modules/bower/node_modules/promptly/node_modules/read/node_modules
446 warn checkPermissions Missing write access to /usr/local/lib/node_modules/bower/node_modules/promptly/node_modules
447 warn checkPermissions Missing write access to /usr/local/lib/node_modules/bower/node_modules/request-progress/node_modules
448 warn checkPermissions Missing write access to /usr/local/lib/node_modules/bower/node_modules/request/node_modules
449 warn checkPermissions Missing write access to /usr/local/lib/node_modules/bower/node_modules/request/node_modules/bl/node_modules/readable-stream/node_modules
450 warn checkPermissions Missing write access to /usr/local/lib/node_modules/bower/node_modules/request/node_modules/bl/node_modules
451 warn checkPermissions Missing write access to /usr/local/lib/node_modules/bower/node_modules/request/node_modules/combined-stream/node_modules
452 warn checkPermissions Missing write access to /usr/local/lib/node_modules/bower/node_modules/request/node_modules/form-data/node_modules
453 warn checkPermissions Missing write access to /usr/local/lib/node_modules/bower/node_modules/request/node_modules/hawk/node_modules
454 warn checkPermissions Missing write access to /usr/local/lib/node_modules/bower/node_modules/request/node_modules/http-signature/node_modules
455 warn checkPermissions Missing write access to /usr/local/lib/node_modules/bower/node_modules/request/node_modules/mime-types/node_modules
456 warn checkPermissions Missing write access to /usr/local/lib/node_modules/bower/node_modules/rimraf/node_modules/glob/node_modules/inflight/node_modules
457 warn checkPermissions Missing write access to /usr/local/lib/node_modules/bower/node_modules/rimraf/node_modules/glob/node_modules
458 warn checkPermissions Missing write access to /usr/local/lib/node_modules/bower/node_modules/rimraf/node_modules/glob/node_modules/minimatch/node_modules/brace-expansion/node_modules
459 warn checkPermissions Missing write access to /usr/local/lib/node_modules/bower/node_modules/rimraf/node_modules/glob/node_modules/minimatch/node_modules
460 warn checkPermissions Missing write access to /usr/local/lib/node_modules/bower/node_modules/rimraf/node_modules/glob/node_modules/once/node_modules
461 warn checkPermissions Missing write access to /usr/local/lib/node_modules/bower/node_modules/rimraf/node_modules
462 warn checkPermissions Missing write access to /usr/local/lib/node_modules/bower/node_modules/shell-quote/node_modules
463 warn checkPermissions Missing write access to /usr/local/lib/node_modules/bower/node_modules/tar-fs/node_modules/pump/node_modules/once/node_modules
464 warn checkPermissions Missing write access to /usr/local/lib/node_modules/bower/node_modules/tar-fs/node_modules/pump/node_modules
465 warn checkPermissions Missing write access to /usr/local/lib/node_modules/bower/node_modules/tar-fs/node_modules
466 warn checkPermissions Missing write access to /usr/local/lib/node_modules/bower/node_modules/tar-fs/node_modules/tar-stream/node_modules/end-of-stream/node_modules/once/node_modules
467 warn checkPermissions Missing write access to /usr/local/lib/node_modules/bower/node_modules/tar-fs/node_modules/tar-stream/node_modules/end-of-stream/node_modules
468 warn checkPermissions Missing write access to /usr/local/lib/node_modules/bower/node_modules/tar-fs/node_modules/tar-stream/node_modules
469 warn checkPermissions Missing write access to /usr/local/lib/node_modules/bower/node_modules/tar-fs/node_modules/tar-stream/node_modules/readable-stream/node_modules
470 warn checkPermissions Missing write access to /usr/local/lib/node_modules/bower/node_modules/update-notifier/node_modules
471 warn checkPermissions Missing write access to /usr/local/lib/node_modules/bower/node_modules/update-notifier/node_modules/latest-version/node_modules/package-json/node_modules/got/node_modules/duplexify/node_modules/end-of-stream/node_modules/once/node_modules
472 warn checkPermissions Missing write access to /usr/local/lib/node_modules/bower/node_modules/update-notifier/node_modules/latest-version/node_modules/package-json/node_modules/got/node_modules/duplexify/node_modules/end-of-stream/node_modules
473 warn checkPermissions Missing write access to /usr/local/lib/node_modules/bower/node_modules/update-notifier/node_modules/latest-version/node_modules/package-json/node_modules/got/node_modules/duplexify/node_modules
474 warn checkPermissions Missing write access to /usr/local/lib/node_modules/bower/node_modules/update-notifier/node_modules/latest-version/node_modules/package-json/node_modules/got/node_modules/duplexify/node_modules/readable-stream/node_modules
475 warn checkPermissions Missing write access to /usr/local/lib/node_modules/bower/node_modules/update-notifier/node_modules/latest-version/node_modules/package-json/node_modules/got/node_modules
476 warn checkPermissions Missing write access to /usr/local/lib/node_modules/bower/node_modules/update-notifier/node_modules/latest-version/node_modules/package-json/node_modules/got/node_modules/nested-error-stacks/node_modules
477 warn checkPermissions Missing write access to /usr/local/lib/node_modules/bower/node_modules/update-notifier/node_modules/latest-version/node_modules/package-json/node_modules/got/node_modules/read-all-stream/node_modules/pinkie-promise/node_modules
478 warn checkPermissions Missing write access to /usr/local/lib/node_modules/bower/node_modules/update-notifier/node_modules/latest-version/node_modules/package-json/node_modules/got/node_modules/read-all-stream/node_modules
479 warn checkPermissions Missing write access to /usr/local/lib/node_modules/bower/node_modules/update-notifier/node_modules/latest-version/node_modules/package-json/node_modules/got/node_modules/read-all-stream/node_modules/readable-stream/node_modules
480 warn checkPermissions Missing write access to /usr/local/lib/node_modules/bower/node_modules/update-notifier/node_modules/latest-version/node_modules/package-json/node_modules
481 warn checkPermissions Missing write access to /usr/local/lib/node_modules/bower/node_modules/update-notifier/node_modules/latest-version/node_modules/package-json/node_modules/registry-url/node_modules/rc/node_modules
482 warn checkPermissions Missing write access to /usr/local/lib/node_modules/bower/node_modules/update-notifier/node_modules/latest-version/node_modules/package-json/node_modules/registry-url/node_modules
483 warn checkPermissions Missing write access to /usr/local/lib/node_modules/bower/node_modules/update-notifier/node_modules/latest-version/node_modules
484 warn checkPermissions Missing write access to /usr/local/lib/node_modules/bower/node_modules/update-notifier/node_modules/semver-diff/node_modules
485 warn checkPermissions Missing write access to /usr/local/lib/node_modules/bower/node_modules/update-notifier/node_modules/string-length/node_modules/strip-ansi/node_modules
486 warn checkPermissions Missing write access to /usr/local/lib/node_modules/bower/node_modules/update-notifier/node_modules/string-length/node_modules
487 warn checkPermissions Missing write access to /usr/local/lib/node_modules/bower/node_modules/which/node_modules/is-absolute/node_modules
488 warn checkPermissions Missing write access to /usr/local/lib/node_modules/bower/node_modules/which/node_modules
489 warn checkPermissions Missing write access to /usr/local/lib/node_modules
490 silly rollbackFailedOptional Starting
491 silly rollbackFailedOptional Finishing
492 silly runTopLevelLifecycles Finishing
493 silly install printInstalled
494 verbose stack Error: EACCES: permission denied, access '/usr/local/lib/node_modules/bower/node_modules/abbrev'
494 verbose stack     at Error (native)
495 verbose cwd /Applications/MAMP/htdocs/fitness
496 error Darwin 15.4.0
497 error argv "/usr/local/bin/node" "/usr/local/bin/npm" "install" "-g" "bower"
498 error node v4.0.0
499 error npm  v3.10.8
500 error path /usr/local/lib/node_modules/bower/node_modules/abbrev
501 error code EACCES
502 error errno -13
503 error syscall access
504 error Error: EACCES: permission denied, access '/usr/local/lib/node_modules/bower/node_modules/abbrev'
504 error     at Error (native)
504 error  { [Error: EACCES: permission denied, access '/usr/local/lib/node_modules/bower/node_modules/abbrev']
504 error   errno: -13,
504 error   code: 'EACCES',
504 error   syscall: 'access',
504 error   path: '/usr/local/lib/node_modules/bower/node_modules/abbrev' }
505 error Please try running this command again as root/Administrator.
506 verbose exit [ -13, true ]
